\BOOKMARK [0][-]{chapter.1}{Introducci\363n}{}% 1
\BOOKMARK [0][-]{chapter.2}{Objetivos}{}% 2
\BOOKMARK [1][-]{section.2.1}{Objetivo general}{chapter.2}% 3
\BOOKMARK [1][-]{section.2.2}{Objetivos espec\355ficos}{chapter.2}% 4
\BOOKMARK [0][-]{chapter.3}{M\351todos}{}% 5
\BOOKMARK [1][-]{section.3.1}{M\351todos estad\355sticos}{chapter.3}% 6
\BOOKMARK [2][-]{subsection.3.1.1}{Modelo AMMI y SREG}{section.3.1}% 7
\BOOKMARK [2][-]{subsection.3.1.2}{Modelo AMMI robusto}{section.3.1}% 8
\BOOKMARK [2][-]{subsection.3.1.3}{M\351todos de imputaci\363n}{section.3.1}% 9
\BOOKMARK [1][-]{section.3.2}{Paquete de R}{chapter.3}% 10
\BOOKMARK [2][-]{subsection.3.2.1}{Creaci\363n de la estructura}{section.3.2}% 11
\BOOKMARK [2][-]{subsection.3.2.2}{Inclusi\363n de funciones y de conjuntos de datos}{section.3.2}% 12
\BOOKMARK [2][-]{subsection.3.2.3}{Documentaci\363n}{section.3.2}% 13
\BOOKMARK [2][-]{subsection.3.2.4}{Pruebas del flujo de trabajo}{section.3.2}% 14
\BOOKMARK [2][-]{subsection.3.2.5}{Compilaci\363n e instalaci\363n}{section.3.2}% 15
\BOOKMARK [2][-]{subsection.3.2.6}{Publicaci\363n}{section.3.2}% 16
\BOOKMARK [1][-]{section.3.3}{Shiny APP}{chapter.3}% 17
\BOOKMARK [2][-]{subsection.3.3.1}{Desarrollo de Shiny APP}{section.3.3}% 18
\BOOKMARK [2][-]{subsection.3.3.2}{Compartiendo una Shiny Web App}{section.3.3}% 19
\BOOKMARK [0][-]{chapter.4}{Resultados}{}% 20
\BOOKMARK [1][-]{section.4.1}{Paquete de R geneticae}{chapter.4}% 21
\BOOKMARK [2][-]{subsection.4.1.1}{Conjuntos de datos en geneticae}{section.4.1}% 22
\BOOKMARK [2][-]{subsection.4.1.2}{Aplicaci\363n de las funciones incluidas en el paquete}{section.4.1}% 23
\BOOKMARK [1][-]{section.4.2}{Geneticae Shiny Web App}{chapter.4}% 24
\BOOKMARK [2][-]{subsection.4.2.1}{An\341lisis de un caso}{section.4.2}% 25
\BOOKMARK [0][-]{chapter.5}{Conclusiones}{}% 26
\BOOKMARK [0][-]{section*.8}{Bibliograf\355a}{}% 27
