This is pdfTeX, Version 3.14159265-2.6-1.40.21 (MiKTeX 2.9.7300 64-bit) (preloaded format=pdflatex 2020.6.25)  25 JUN 2020 12:10
entering extended mode
**./tesis.tex
(tesis.tex
LaTeX2e <2020-02-02> patch level 2
L3 programming layer <2020-02-14> (ezthesis.cls
Document Class: ezthesis 2007/08/08 A custom thesis class
("C:\Users\Julia\AppData\Local\Programs\MiKTeX 2.9\tex/latex/base\report.cls"
Document Class: report 2019/12/20 v1.4l Standard LaTeX document class
("C:\Users\Julia\AppData\Local\Programs\MiKTeX 2.9\tex/latex/base\size12.clo"
File: size12.clo 2019/12/20 v1.4l Standard LaTeX file (size option)
)
\c@part=\count167
\c@chapter=\count168
\c@section=\count169
\c@subsection=\count170
\c@subsubsection=\count171
\c@paragraph=\count172
\c@subparagraph=\count173
\c@figure=\count174
\c@table=\count175
\abovecaptionskip=\skip47
\belowcaptionskip=\skip48
\bibindent=\dimen134
) ("C:\Users\Julia\AppData\Local\Programs\MiKTeX 2.9\tex/generic/babel\babel.st
y"
Package: babel 2020/02/14 3.40 The Babel package

("C:\Users\Julia\AppData\Local\Programs\MiKTeX 2.9\tex/generic/babel\switch.def
"
File: switch.def 2020/02/14 3.40 Babel switching mechanism
)
*************************************
* Local config file bblopts.cfg used
*
("C:\Users\Julia\AppData\Local\Programs\MiKTeX 2.9\tex/latex/arabi\bblopts.cfg"
File: bblopts.cfg 2005/09/08 v0.1 add Arabic and Farsi to "declared" options of
 babel
)
("C:\Users\Julia\AppData\Local\Programs\MiKTeX 2.9\tex/latex/babel-spanish\span
ish.ldf"
Language: spanish.ldf 2016/03/03 v5.0p Spanish support from the babel system

("C:\Users\Julia\AppData\Local\Programs\MiKTeX 2.9\tex/generic/babel\babel.def"
File: babel.def 2020/02/14 3.40 Babel common definitions
\babel@savecnt=\count176
\U@D=\dimen135

("C:\Users\Julia\AppData\Local\Programs\MiKTeX 2.9\tex/generic/babel\txtbabel.d
ef")
\bbl@readstream=\read2
\bbl@dirlevel=\count177
)
\es@quottoks=\toks14
\es@quotdepth=\count178
Package babel Info: Making " an active character on input line 561.
Package babel Info: Making . an active character on input line 662.
Package babel Info: Making < an active character on input line 707.
Package babel Info: Making > an active character on input line 707.
Package babel Info: Making ' an active character on input line 725.
))
\hours=\count179
\minutes=\count180

("C:\Users\Julia\AppData\Local\Programs\MiKTeX 2.9\tex/latex/setspace\setspace.
sty"
Package: setspace 2011/12/19 v6.7a set line spacing
)
("C:\Users\Julia\AppData\Local\Programs\MiKTeX 2.9\tex/latex/geometry\geometry.
sty"
Package: geometry 2020/01/02 v5.9 Page Geometry

("C:\Users\Julia\AppData\Local\Programs\MiKTeX 2.9\tex/latex/graphics\keyval.st
y"
Package: keyval 2014/10/28 v1.15 key=value parser (DPC)
\KV@toks@=\toks15
)
("C:\Users\Julia\AppData\Local\Programs\MiKTeX 2.9\tex/generic/iftex\ifvtex.sty
"
Package: ifvtex 2019/10/25 v1.7 ifvtex legacy package. Use iftex instead.
 ("C:\Users\Julia\AppData\Local\Programs\MiKTeX 2.9\tex/generic/iftex\iftex.sty
"
Package: iftex 2019/11/07 v1.0c TeX engine tests
))
\Gm@cnth=\count181
\Gm@cntv=\count182
\c@Gm@tempcnt=\count183
\Gm@bindingoffset=\dimen136
\Gm@wd@mp=\dimen137
\Gm@odd@mp=\dimen138
\Gm@even@mp=\dimen139
\Gm@layoutwidth=\dimen140
\Gm@layoutheight=\dimen141
\Gm@layouthoffset=\dimen142
\Gm@layoutvoffset=\dimen143
\Gm@dimlist=\toks16

("C:\Users\Julia\AppData\Local\Programs\MiKTeX 2.9\tex/latex/geometry\geometry.
cfg"))
("C:\Users\Julia\AppData\Local\Programs\MiKTeX 2.9\tex/latex/fancyhdr\fancyhdr.
sty"
Package: fancyhdr 2019/01/31 v3.10 Extensive control of page headers and footer
s
\f@nch@headwidth=\skip49
\f@nch@O@elh=\skip50
\f@nch@O@erh=\skip51
\f@nch@O@olh=\skip52
\f@nch@O@orh=\skip53
\f@nch@O@elf=\skip54
\f@nch@O@erf=\skip55
\f@nch@O@olf=\skip56
\f@nch@O@orf=\skip57
)
("C:\Users\Julia\AppData\Local\Programs\MiKTeX 2.9\tex/latex/natbib\natbib.sty"
Package: natbib 2010/09/13 8.31b (PWD, AO)
\bibhang=\skip58
\bibsep=\skip59
LaTeX Info: Redefining \cite on input line 694.
\c@NAT@ctr=\count184
)
("C:\Users\Julia\AppData\Local\Programs\MiKTeX 2.9\tex/latex/graphics\graphicx.
sty"
Package: graphicx 2019/11/30 v1.2a Enhanced LaTeX Graphics (DPC,SPQR)

("C:\Users\Julia\AppData\Local\Programs\MiKTeX 2.9\tex/latex/graphics\graphics.
sty"
Package: graphics 2019/11/30 v1.4a Standard LaTeX Graphics (DPC,SPQR)

("C:\Users\Julia\AppData\Local\Programs\MiKTeX 2.9\tex/latex/graphics\trig.sty"
Package: trig 2016/01/03 v1.10 sin cos tan (DPC)
)
("C:\Users\Julia\AppData\Local\Programs\MiKTeX 2.9\tex/latex/graphics-cfg\graph
ics.cfg"
File: graphics.cfg 2016/06/04 v1.11 sample graphics configuration
)
Package graphics Info: Driver file: pdftex.def on input line 105.

("C:\Users\Julia\AppData\Local\Programs\MiKTeX 2.9\tex/latex/graphics-def\pdfte
x.def"
File: pdftex.def 2018/01/08 v1.0l Graphics/color driver for pdftex
))
\Gin@req@height=\dimen144
\Gin@req@width=\dimen145
)
("C:\Users\Julia\AppData\Local\Programs\MiKTeX 2.9\tex/latex/xcolor\xcolor.sty"
Package: xcolor 2016/05/11 v2.12 LaTeX color extensions (UK)

("C:\Users\Julia\AppData\Local\Programs\MiKTeX 2.9\tex/latex/graphics-cfg\color
.cfg"
File: color.cfg 2016/01/02 v1.6 sample color configuration
)
Package xcolor Info: Driver file: pdftex.def on input line 225.
Package xcolor Info: Model `cmy' substituted by `cmy0' on input line 1348.
Package xcolor Info: Model `hsb' substituted by `rgb' on input line 1352.
Package xcolor Info: Model `RGB' extended on input line 1364.
Package xcolor Info: Model `HTML' substituted by `rgb' on input line 1366.
Package xcolor Info: Model `Hsb' substituted by `hsb' on input line 1367.
Package xcolor Info: Model `tHsb' substituted by `hsb' on input line 1368.
Package xcolor Info: Model `HSB' substituted by `hsb' on input line 1369.
Package xcolor Info: Model `Gray' substituted by `gray' on input line 1370.
Package xcolor Info: Model `wave' substituted by `hsb' on input line 1371.
))
("C:\Users\Julia\AppData\Local\Programs\MiKTeX 2.9\tex/latex/base\inputenc.sty"
Package: inputenc 2018/08/11 v1.3c Input encoding file
\inpenc@prehook=\toks17
\inpenc@posthook=\toks18
)
("C:\Users\Julia\AppData\Local\Programs\MiKTeX 2.9\tex/latex/tcolorbox\tcolorbo
x.sty"
Package: tcolorbox 2019/11/15 version 4.22 text color boxes

("C:\Users\Julia\AppData\Local\Programs\MiKTeX 2.9\tex/latex/pgf/basiclayer\pgf
.sty"
("C:\Users\Julia\AppData\Local\Programs\MiKTeX 2.9\tex/latex/pgf/utilities\pgfr
cs.sty"
("C:\Users\Julia\AppData\Local\Programs\MiKTeX 2.9\tex/generic/pgf/utilities\pg
futil-common.tex"
\pgfutil@everybye=\toks19
\pgfutil@tempdima=\dimen146
\pgfutil@tempdimb=\dimen147

("C:\Users\Julia\AppData\Local\Programs\MiKTeX 2.9\tex/generic/pgf/utilities\pg
futil-common-lists.tex"))
("C:\Users\Julia\AppData\Local\Programs\MiKTeX 2.9\tex/generic/pgf/utilities\pg
futil-latex.def"
\pgfutil@abb=\box45

("C:\Users\Julia\AppData\Local\Programs\MiKTeX 2.9\tex/latex/ms\everyshi.sty"
Package: everyshi 2001/05/15 v3.00 EveryShipout Package (MS)
))
("C:\Users\Julia\AppData\Local\Programs\MiKTeX 2.9\tex/generic/pgf/utilities\pg
frcs.code.tex"
("C:\Users\Julia\AppData\Local\Programs\MiKTeX 2.9\tex/generic/pgf\pgf.revision
.tex")
Package: pgfrcs 2020/01/08 v3.1.5b (3.1.5b)
))
Package: pgf 2020/01/08 v3.1.5b (3.1.5b)

("C:\Users\Julia\AppData\Local\Programs\MiKTeX 2.9\tex/latex/pgf/basiclayer\pgf
core.sty"
("C:\Users\Julia\AppData\Local\Programs\MiKTeX 2.9\tex/latex/pgf/systemlayer\pg
fsys.sty"
("C:\Users\Julia\AppData\Local\Programs\MiKTeX 2.9\tex/generic/pgf/systemlayer\
pgfsys.code.tex"
Package: pgfsys 2020/01/08 v3.1.5b (3.1.5b)

("C:\Users\Julia\AppData\Local\Programs\MiKTeX 2.9\tex/generic/pgf/utilities\pg
fkeys.code.tex"
\pgfkeys@pathtoks=\toks20
\pgfkeys@temptoks=\toks21

("C:\Users\Julia\AppData\Local\Programs\MiKTeX 2.9\tex/generic/pgf/utilities\pg
fkeysfiltered.code.tex"
\pgfkeys@tmptoks=\toks22
))
\pgf@x=\dimen148
\pgf@y=\dimen149
\pgf@xa=\dimen150
\pgf@ya=\dimen151
\pgf@xb=\dimen152
\pgf@yb=\dimen153
\pgf@xc=\dimen154
\pgf@yc=\dimen155
\pgf@xd=\dimen156
\pgf@yd=\dimen157
\w@pgf@writea=\write3
\r@pgf@reada=\read3
\c@pgf@counta=\count185
\c@pgf@countb=\count186
\c@pgf@countc=\count187
\c@pgf@countd=\count188
\t@pgf@toka=\toks23
\t@pgf@tokb=\toks24
\t@pgf@tokc=\toks25
\pgf@sys@id@count=\count189

("C:\Users\Julia\AppData\Local\Programs\MiKTeX 2.9\tex/generic/pgf/systemlayer\
pgf.cfg"
File: pgf.cfg 2020/01/08 v3.1.5b (3.1.5b)
)
Driver file for pgf: pgfsys-pdftex.def

("C:\Users\Julia\AppData\Local\Programs\MiKTeX 2.9\tex/generic/pgf/systemlayer\
pgfsys-pdftex.def"
File: pgfsys-pdftex.def 2020/01/08 v3.1.5b (3.1.5b)

("C:\Users\Julia\AppData\Local\Programs\MiKTeX 2.9\tex/generic/pgf/systemlayer\
pgfsys-common-pdf.def"
File: pgfsys-common-pdf.def 2020/01/08 v3.1.5b (3.1.5b)
)))
("C:\Users\Julia\AppData\Local\Programs\MiKTeX 2.9\tex/generic/pgf/systemlayer\
pgfsyssoftpath.code.tex"
File: pgfsyssoftpath.code.tex 2020/01/08 v3.1.5b (3.1.5b)
\pgfsyssoftpath@smallbuffer@items=\count190
\pgfsyssoftpath@bigbuffer@items=\count191
)
("C:\Users\Julia\AppData\Local\Programs\MiKTeX 2.9\tex/generic/pgf/systemlayer\
pgfsysprotocol.code.tex"
File: pgfsysprotocol.code.tex 2020/01/08 v3.1.5b (3.1.5b)
))
("C:\Users\Julia\AppData\Local\Programs\MiKTeX 2.9\tex/generic/pgf/basiclayer\p
gfcore.code.tex"
Package: pgfcore 2020/01/08 v3.1.5b (3.1.5b)

("C:\Users\Julia\AppData\Local\Programs\MiKTeX 2.9\tex/generic/pgf/math\pgfmath
.code.tex"
("C:\Users\Julia\AppData\Local\Programs\MiKTeX 2.9\tex/generic/pgf/math\pgfmath
calc.code.tex"
("C:\Users\Julia\AppData\Local\Programs\MiKTeX 2.9\tex/generic/pgf/math\pgfmath
util.code.tex")
("C:\Users\Julia\AppData\Local\Programs\MiKTeX 2.9\tex/generic/pgf/math\pgfmath
parser.code.tex"
\pgfmath@dimen=\dimen158
\pgfmath@count=\count192
\pgfmath@box=\box46
\pgfmath@toks=\toks26
\pgfmath@stack@operand=\toks27
\pgfmath@stack@operation=\toks28
)
("C:\Users\Julia\AppData\Local\Programs\MiKTeX 2.9\tex/generic/pgf/math\pgfmath
functions.code.tex"
("C:\Users\Julia\AppData\Local\Programs\MiKTeX 2.9\tex/generic/pgf/math\pgfmath
functions.basic.code.tex")
("C:\Users\Julia\AppData\Local\Programs\MiKTeX 2.9\tex/generic/pgf/math\pgfmath
functions.trigonometric.code.tex")
("C:\Users\Julia\AppData\Local\Programs\MiKTeX 2.9\tex/generic/pgf/math\pgfmath
functions.random.code.tex")
("C:\Users\Julia\AppData\Local\Programs\MiKTeX 2.9\tex/generic/pgf/math\pgfmath
functions.comparison.code.tex")
("C:\Users\Julia\AppData\Local\Programs\MiKTeX 2.9\tex/generic/pgf/math\pgfmath
functions.base.code.tex")
("C:\Users\Julia\AppData\Local\Programs\MiKTeX 2.9\tex/generic/pgf/math\pgfmath
functions.round.code.tex")
("C:\Users\Julia\AppData\Local\Programs\MiKTeX 2.9\tex/generic/pgf/math\pgfmath
functions.misc.code.tex")
("C:\Users\Julia\AppData\Local\Programs\MiKTeX 2.9\tex/generic/pgf/math\pgfmath
functions.integerarithmetics.code.tex")))
("C:\Users\Julia\AppData\Local\Programs\MiKTeX 2.9\tex/generic/pgf/math\pgfmath
float.code.tex"
\c@pgfmathroundto@lastzeros=\count193
))
("C:\Users\Julia\AppData\Local\Programs\MiKTeX 2.9\tex/generic/pgf/math\pgfint.
code.tex")
("C:\Users\Julia\AppData\Local\Programs\MiKTeX 2.9\tex/generic/pgf/basiclayer\p
gfcorepoints.code.tex"
File: pgfcorepoints.code.tex 2020/01/08 v3.1.5b (3.1.5b)
\pgf@picminx=\dimen159
\pgf@picmaxx=\dimen160
\pgf@picminy=\dimen161
\pgf@picmaxy=\dimen162
\pgf@pathminx=\dimen163
\pgf@pathmaxx=\dimen164
\pgf@pathminy=\dimen165
\pgf@pathmaxy=\dimen166
\pgf@xx=\dimen167
\pgf@xy=\dimen168
\pgf@yx=\dimen169
\pgf@yy=\dimen170
\pgf@zx=\dimen171
\pgf@zy=\dimen172
)
("C:\Users\Julia\AppData\Local\Programs\MiKTeX 2.9\tex/generic/pgf/basiclayer\p
gfcorepathconstruct.code.tex"
File: pgfcorepathconstruct.code.tex 2020/01/08 v3.1.5b (3.1.5b)
\pgf@path@lastx=\dimen173
\pgf@path@lasty=\dimen174
)
("C:\Users\Julia\AppData\Local\Programs\MiKTeX 2.9\tex/generic/pgf/basiclayer\p
gfcorepathusage.code.tex"
File: pgfcorepathusage.code.tex 2020/01/08 v3.1.5b (3.1.5b)
\pgf@shorten@end@additional=\dimen175
\pgf@shorten@start@additional=\dimen176
)
("C:\Users\Julia\AppData\Local\Programs\MiKTeX 2.9\tex/generic/pgf/basiclayer\p
gfcorescopes.code.tex"
File: pgfcorescopes.code.tex 2020/01/08 v3.1.5b (3.1.5b)
\pgfpic=\box47
\pgf@hbox=\box48
\pgf@layerbox@main=\box49
\pgf@picture@serial@count=\count194
)
("C:\Users\Julia\AppData\Local\Programs\MiKTeX 2.9\tex/generic/pgf/basiclayer\p
gfcoregraphicstate.code.tex"
File: pgfcoregraphicstate.code.tex 2020/01/08 v3.1.5b (3.1.5b)
\pgflinewidth=\dimen177
)
("C:\Users\Julia\AppData\Local\Programs\MiKTeX 2.9\tex/generic/pgf/basiclayer\p
gfcoretransformations.code.tex"
File: pgfcoretransformations.code.tex 2020/01/08 v3.1.5b (3.1.5b)
\pgf@pt@x=\dimen178
\pgf@pt@y=\dimen179
\pgf@pt@temp=\dimen180
)
("C:\Users\Julia\AppData\Local\Programs\MiKTeX 2.9\tex/generic/pgf/basiclayer\p
gfcorequick.code.tex"
File: pgfcorequick.code.tex 2020/01/08 v3.1.5b (3.1.5b)
)
("C:\Users\Julia\AppData\Local\Programs\MiKTeX 2.9\tex/generic/pgf/basiclayer\p
gfcoreobjects.code.tex"
File: pgfcoreobjects.code.tex 2020/01/08 v3.1.5b (3.1.5b)
)
("C:\Users\Julia\AppData\Local\Programs\MiKTeX 2.9\tex/generic/pgf/basiclayer\p
gfcorepathprocessing.code.tex"
File: pgfcorepathprocessing.code.tex 2020/01/08 v3.1.5b (3.1.5b)
)
("C:\Users\Julia\AppData\Local\Programs\MiKTeX 2.9\tex/generic/pgf/basiclayer\p
gfcorearrows.code.tex"
File: pgfcorearrows.code.tex 2020/01/08 v3.1.5b (3.1.5b)
\pgfarrowsep=\dimen181
)
("C:\Users\Julia\AppData\Local\Programs\MiKTeX 2.9\tex/generic/pgf/basiclayer\p
gfcoreshade.code.tex"
File: pgfcoreshade.code.tex 2020/01/08 v3.1.5b (3.1.5b)
\pgf@max=\dimen182
\pgf@sys@shading@range@num=\count195
\pgf@shadingcount=\count196
)
("C:\Users\Julia\AppData\Local\Programs\MiKTeX 2.9\tex/generic/pgf/basiclayer\p
gfcoreimage.code.tex"
File: pgfcoreimage.code.tex 2020/01/08 v3.1.5b (3.1.5b)

("C:\Users\Julia\AppData\Local\Programs\MiKTeX 2.9\tex/generic/pgf/basiclayer\p
gfcoreexternal.code.tex"
File: pgfcoreexternal.code.tex 2020/01/08 v3.1.5b (3.1.5b)
\pgfexternal@startupbox=\box50
))
("C:\Users\Julia\AppData\Local\Programs\MiKTeX 2.9\tex/generic/pgf/basiclayer\p
gfcorelayers.code.tex"
File: pgfcorelayers.code.tex 2020/01/08 v3.1.5b (3.1.5b)
)
("C:\Users\Julia\AppData\Local\Programs\MiKTeX 2.9\tex/generic/pgf/basiclayer\p
gfcoretransparency.code.tex"
File: pgfcoretransparency.code.tex 2020/01/08 v3.1.5b (3.1.5b)
)
("C:\Users\Julia\AppData\Local\Programs\MiKTeX 2.9\tex/generic/pgf/basiclayer\p
gfcorepatterns.code.tex"
File: pgfcorepatterns.code.tex 2020/01/08 v3.1.5b (3.1.5b)
)
("C:\Users\Julia\AppData\Local\Programs\MiKTeX 2.9\tex/generic/pgf/basiclayer\p
gfcorerdf.code.tex"
File: pgfcorerdf.code.tex 2020/01/08 v3.1.5b (3.1.5b)
)))
("C:\Users\Julia\AppData\Local\Programs\MiKTeX 2.9\tex/generic/pgf/modules\pgfm
oduleshapes.code.tex"
File: pgfmoduleshapes.code.tex 2020/01/08 v3.1.5b (3.1.5b)
\pgfnodeparttextbox=\box51
)
("C:\Users\Julia\AppData\Local\Programs\MiKTeX 2.9\tex/generic/pgf/modules\pgfm
oduleplot.code.tex"
File: pgfmoduleplot.code.tex 2020/01/08 v3.1.5b (3.1.5b)
)
("C:\Users\Julia\AppData\Local\Programs\MiKTeX 2.9\tex/latex/pgf/compatibility\
pgfcomp-version-0-65.sty"
Package: pgfcomp-version-0-65 2020/01/08 v3.1.5b (3.1.5b)
\pgf@nodesepstart=\dimen183
\pgf@nodesepend=\dimen184
)
("C:\Users\Julia\AppData\Local\Programs\MiKTeX 2.9\tex/latex/pgf/compatibility\
pgfcomp-version-1-18.sty"
Package: pgfcomp-version-1-18 2020/01/08 v3.1.5b (3.1.5b)
))
("C:\Users\Julia\AppData\Local\Programs\MiKTeX 2.9\tex/latex/tools\verbatim.sty
"
Package: verbatim 2019/11/10 v1.5r LaTeX2e package for verbatim enhancements
\every@verbatim=\toks29
\verbatim@line=\toks30
\verbatim@in@stream=\read4
)
("C:\Users\Julia\AppData\Local\Programs\MiKTeX 2.9\tex/latex/environ\environ.st
y"
Package: environ 2014/05/04 v0.3 A new way to define environments

("C:\Users\Julia\AppData\Local\Programs\MiKTeX 2.9\tex/latex/trimspaces\trimspa
ces.sty"
Package: trimspaces 2009/09/17 v1.1 Trim spaces around a token list
)
\@envbody=\toks31
)
("C:\Users\Julia\AppData\Local\Programs\MiKTeX 2.9\tex/latex/etoolbox\etoolbox.
sty"
Package: etoolbox 2019/09/21 v2.5h e-TeX tools for LaTeX (JAW)
\etb@tempcnta=\count197
)
\tcb@titlebox=\box52
\tcb@upperbox=\box53
\tcb@lowerbox=\box54
\tcb@phantombox=\box55
\c@tcbbreakpart=\count198
\c@tcblayer=\count199
\tcolorbox@number=\count266
\tcb@temp=\box56
\tcb@temp=\box57
\tcb@temp=\box58
\tcb@temp=\box59
\tcb@out=\write4
\tcb@record@out=\write5
)
("C:\Users\Julia\AppData\Local\Programs\MiKTeX 2.9\tex/latex/listings\listings.
sty"
\lst@mode=\count267
\lst@gtempboxa=\box60
\lst@token=\toks32
\lst@length=\count268
\lst@currlwidth=\dimen185
\lst@column=\count269
\lst@pos=\count270
\lst@lostspace=\dimen186
\lst@width=\dimen187
\lst@newlines=\count271
\lst@lineno=\count272
\lst@maxwidth=\dimen188

("C:\Users\Julia\AppData\Local\Programs\MiKTeX 2.9\tex/latex/listings\lstmisc.s
ty"
File: lstmisc.sty 2019/09/10 1.8c (Carsten Heinz)
\c@lstnumber=\count273
\lst@skipnumbers=\count274
\lst@framebox=\box61
)
("C:\Users\Julia\AppData\Local\Programs\MiKTeX 2.9\tex/latex/listings\listings.
cfg"
File: listings.cfg 2019/09/10 1.8c listings configuration
))
Package: listings 2019/09/10 1.8c (Carsten Heinz)

("C:\Users\Julia\AppData\Local\Programs\MiKTeX 2.9\tex/latex/pdfpages\pdfpages.
sty"
Package: pdfpages 2020/01/28 v0.5q Insert pages of external PDF documents (AM)

("C:\Users\Julia\AppData\Local\Programs\MiKTeX 2.9\tex/latex/base\ifthen.sty"
Package: ifthen 2014/09/29 v1.1c Standard LaTeX ifthen package (DPC)
)
("C:\Users\Julia\AppData\Local\Programs\MiKTeX 2.9\tex/latex/tools\calc.sty"
Package: calc 2017/05/25 v4.3 Infix arithmetic (KKT,FJ)
\calc@Acount=\count275
\calc@Bcount=\count276
\calc@Adimen=\dimen189
\calc@Bdimen=\dimen190
\calc@Askip=\skip60
\calc@Bskip=\skip61
LaTeX Info: Redefining \setlength on input line 80.
LaTeX Info: Redefining \addtolength on input line 81.
\calc@Ccount=\count277
\calc@Cskip=\skip62
)
("C:\Users\Julia\AppData\Local\Programs\MiKTeX 2.9\tex/latex/eso-pic\eso-pic.st
y"
Package: eso-pic 2018/04/12 v2.0h eso-pic (RN)

("C:\Users\Julia\AppData\Local\Programs\MiKTeX 2.9\tex/generic/atbegshi\atbegsh
i.sty"
Package: atbegshi 2019/12/05 v1.19 At begin shipout hook (HO)

("C:\Users\Julia\AppData\Local\Programs\MiKTeX 2.9\tex/generic/infwarerr\infwar
err.sty"
Package: infwarerr 2019/12/03 v1.5 Providing info/warning/error messages (HO)
)
("C:\Users\Julia\AppData\Local\Programs\MiKTeX 2.9\tex/generic/ltxcmds\ltxcmds.
sty"
Package: ltxcmds 2019/12/15 v1.24 LaTeX kernel commands for general use (HO)
)))
\AM@pagewidth=\dimen191
\AM@pageheight=\dimen192

("C:\Users\Julia\AppData\Local\Programs\MiKTeX 2.9\tex/latex/pdfpages\pppdftex.
def"
File: pppdftex.def 2020/01/28 v0.5q Pdfpages driver for pdfTeX (AM)
)
\AM@pagebox=\box62
\AM@global@opts=\toks33
\AM@pagecnt=\count278
\AM@toc@title=\toks34
\c@AM@survey=\count279
\AM@templatesizebox=\box63
)
("C:\Users\Julia\AppData\Local\Programs\MiKTeX 2.9\tex/latex/graphics\lscape.st
y"
Package: lscape 2000/10/22 v3.01 Landscape Pages (DPC)
)
("C:\Users\Julia\AppData\Local\Programs\MiKTeX 2.9\tex/latex/todonotes\todonote
s.sty"
Package: todonotes 2019/01/24 v1.1.2 Todonotes source and documentation.
Package: todonotes 2018/11/22

("C:\Users\Julia\AppData\Local\Programs\MiKTeX 2.9\tex/latex/xkeyval\xkeyval.st
y"
Package: xkeyval 2014/12/03 v2.7a package option processing (HA)

("C:\Users\Julia\AppData\Local\Programs\MiKTeX 2.9\tex/generic/xkeyval\xkeyval.
tex"
("C:\Users\Julia\AppData\Local\Programs\MiKTeX 2.9\tex/generic/xkeyval\xkvutils
.tex"
\XKV@toks=\toks35
\XKV@tempa@toks=\toks36
)
\XKV@depth=\count280
File: xkeyval.tex 2014/12/03 v2.7a key=value parser (HA)
))
("C:\Users\Julia\AppData\Local\Programs\MiKTeX 2.9\tex/latex/pgf/frontendlayer\
tikz.sty"
("C:\Users\Julia\AppData\Local\Programs\MiKTeX 2.9\tex/latex/pgf/utilities\pgff
or.sty"
("C:\Users\Julia\AppData\Local\Programs\MiKTeX 2.9\tex/latex/pgf/utilities\pgfk
eys.sty"
("C:\Users\Julia\AppData\Local\Programs\MiKTeX 2.9\tex/generic/pgf/utilities\pg
fkeys.code.tex"))
("C:\Users\Julia\AppData\Local\Programs\MiKTeX 2.9\tex/latex/pgf/math\pgfmath.s
ty"
("C:\Users\Julia\AppData\Local\Programs\MiKTeX 2.9\tex/generic/pgf/math\pgfmath
.code.tex"))
("C:\Users\Julia\AppData\Local\Programs\MiKTeX 2.9\tex/generic/pgf/utilities\pg
ffor.code.tex"
Package: pgffor 2020/01/08 v3.1.5b (3.1.5b)

("C:\Users\Julia\AppData\Local\Programs\MiKTeX 2.9\tex/generic/pgf/math\pgfmath
.code.tex")
\pgffor@iter=\dimen193
\pgffor@skip=\dimen194
\pgffor@stack=\toks37
\pgffor@toks=\toks38
))
("C:\Users\Julia\AppData\Local\Programs\MiKTeX 2.9\tex/generic/pgf/frontendlaye
r/tikz\tikz.code.tex"
Package: tikz 2020/01/08 v3.1.5b (3.1.5b)

("C:\Users\Julia\AppData\Local\Programs\MiKTeX 2.9\tex/generic/pgf/libraries\pg
flibraryplothandlers.code.tex"
File: pgflibraryplothandlers.code.tex 2020/01/08 v3.1.5b (3.1.5b)
\pgf@plot@mark@count=\count281
\pgfplotmarksize=\dimen195
)
\tikz@lastx=\dimen196
\tikz@lasty=\dimen197
\tikz@lastxsaved=\dimen198
\tikz@lastysaved=\dimen199
\tikz@lastmovetox=\dimen256
\tikz@lastmovetoy=\dimen257
\tikzleveldistance=\dimen258
\tikzsiblingdistance=\dimen259
\tikz@figbox=\box64
\tikz@figbox@bg=\box65
\tikz@tempbox=\box66
\tikz@tempbox@bg=\box67
\tikztreelevel=\count282
\tikznumberofchildren=\count283
\tikznumberofcurrentchild=\count284
\tikz@fig@count=\count285

("C:\Users\Julia\AppData\Local\Programs\MiKTeX 2.9\tex/generic/pgf/modules\pgfm
odulematrix.code.tex"
File: pgfmodulematrix.code.tex 2020/01/08 v3.1.5b (3.1.5b)
\pgfmatrixcurrentrow=\count286
\pgfmatrixcurrentcolumn=\count287
\pgf@matrix@numberofcolumns=\count288
)
\tikz@expandcount=\count289

("C:\Users\Julia\AppData\Local\Programs\MiKTeX 2.9\tex/generic/pgf/frontendlaye
r/tikz/libraries\tikzlibrarytopaths.code.tex"
File: tikzlibrarytopaths.code.tex 2020/01/08 v3.1.5b (3.1.5b)
)))
("C:\Users\Julia\AppData\Local\Programs\MiKTeX 2.9\tex/generic/pgf/frontendlaye
r/tikz/libraries\tikzlibrarypositioning.code.tex"
File: tikzlibrarypositioning.code.tex 2020/01/08 v3.1.5b (3.1.5b)
)
("C:\Users\Julia\AppData\Local\Programs\MiKTeX 2.9\tex/generic/pgf/frontendlaye
r/tikz/libraries\tikzlibraryshadows.code.tex"
File: tikzlibraryshadows.code.tex 2020/01/08 v3.1.5b (3.1.5b)

("C:\Users\Julia\AppData\Local\Programs\MiKTeX 2.9\tex/generic/pgf/frontendlaye
r/tikz/libraries\tikzlibraryfadings.code.tex"
File: tikzlibraryfadings.code.tex 2020/01/08 v3.1.5b (3.1.5b)

("C:\Users\Julia\AppData\Local\Programs\MiKTeX 2.9\tex/generic/pgf/libraries\pg
flibraryfadings.code.tex"
File: pgflibraryfadings.code.tex 2020/01/08 v3.1.5b (3.1.5b)
)))
\c@@todonotes@numberoftodonotes=\count290
)
("C:\Users\Julia\AppData\Local\Programs\MiKTeX 2.9\tex/latex/lipsum\lipsum.sty"
("C:\Users\Julia\AppData\Local\Programs\MiKTeX 2.9\tex/latex/l3kernel\expl3.sty
"
Package: expl3 2020-02-14 L3 programming layer (loader) 

("C:\Users\Julia\AppData\Local\Programs\MiKTeX 2.9\tex/latex/l3backend\l3backen
d-pdfmode.def"
File: l3backend-pdfmode.def 2020-02-03 L3 backend support: PDF mode
\l__kernel_color_stack_int=\count291
\l__pdf_internal_box=\box68
))
("C:\Users\Julia\AppData\Local\Programs\MiKTeX 2.9\tex/latex/l3packages/xparse\
xparse.sty"
Package: xparse 2020-02-14 L3 Experimental document command parser
\l__xparse_current_arg_int=\count292
\g__xparse_grabber_int=\count293
\l__xparse_m_args_int=\count294
\l__xparse_v_nesting_int=\count295
)
Package: lipsum 2019/01/02 v2.2 150 paragraphs of Lorem Ipsum dummy text

("C:\Users\Julia\AppData\Local\Programs\MiKTeX 2.9\tex/latex/lipsum\lipsum.ltd.
tex"
File: lipsum.ltd.tex 2019/01/02 v2.2 The Lorem ipsum dummy text
))
("C:\Users\Julia\AppData\Local\Programs\MiKTeX 2.9\tex/latex/bbding\bbding.sty"
Package: bbding 1999/04/15 v1.01 Dingbats symbols
) ("C:\Users\Julia\AppData\Local\Programs\MiKTeX 2.9\tex/latex/psnfss\pifont.st
y"
Package: pifont 2005/04/12 PSNFSS-v9.2a Pi font support (SPQR) 
LaTeX Font Info:    Trying to load font information for U+pzd on input line 63.

 ("C:\Users\Julia\AppData\Local\Programs\MiKTeX 2.9\tex/latex/psnfss\upzd.fd"
File: upzd.fd 2001/06/04 font definitions for U/pzd.
)
LaTeX Font Info:    Trying to load font information for U+psy on input line 64.

 ("C:\Users\Julia\AppData\Local\Programs\MiKTeX 2.9\tex/latex/psnfss\upsy.fd"
File: upsy.fd 2001/06/04 font definitions for U/psy.
))
("C:\Users\Julia\AppData\Local\Programs\MiKTeX 2.9\tex/latex/wasysym\wasysym.st
y"
Package: wasysym 2020/01/19 v2.4 Wasy-2 symbol support package
\symwasy=\mathgroup4
LaTeX Font Info:    Overwriting symbol font `wasy' in version `bold'
(Font)                  U/wasy/m/n --> U/wasy/b/n on input line 93.
)
("C:\Users\Julia\AppData\Local\Programs\MiKTeX 2.9\tex/latex/fancyvrb\fancyvrb.
sty"
Package: fancyvrb 2020/01/13 v3.5 verbatim text (tvz,hv)
\FV@CodeLineNo=\count296
\FV@InFile=\read5
\FV@TabBox=\box69
\c@FancyVerbLine=\count297
\FV@StepNumber=\count298
\FV@OutFile=\write6
)
("C:\Users\Julia\AppData\Local\Programs\MiKTeX 2.9\tex/latex/amsfonts\amssymb.s
ty"
Package: amssymb 2013/01/14 v3.01 AMS font symbols

("C:\Users\Julia\AppData\Local\Programs\MiKTeX 2.9\tex/latex/amsfonts\amsfonts.
sty"
Package: amsfonts 2013/01/14 v3.01 Basic AMSFonts support
\@emptytoks=\toks39
\symAMSa=\mathgroup5
\symAMSb=\mathgroup6
LaTeX Font Info:    Redeclaring math symbol \hbar on input line 98.
LaTeX Font Info:    Overwriting math alphabet `\mathfrak' in version `bold'
(Font)                  U/euf/m/n --> U/euf/b/n on input line 106.
)) ("C:\Users\Julia\AppData\Local\Programs\MiKTeX 2.9\tex/latex/tools\bm.sty"
Package: bm 2019/07/24 v1.2d Bold Symbol Support (DPC/FMi)
\symboldoperators=\mathgroup7
\symboldletters=\mathgroup8
\symboldsymbols=\mathgroup9
\symboldwasy=\mathgroup10
LaTeX Font Info:    Redeclaring math alphabet \mathbf on input line 141.
LaTeX Info: Redefining \bm on input line 209.
)
("C:\Users\Julia\AppData\Local\Programs\MiKTeX 2.9\tex/latex/enumitem\enumitem.
sty"
Package: enumitem 2019/06/20 v3.9 Customized lists
\labelindent=\skip63
\enit@outerparindent=\dimen260
\enit@toks=\toks40
\enit@inbox=\box70
\enit@count@id=\count299
\enitdp@description=\count300
)
("C:\Users\Julia\AppData\Local\Programs\MiKTeX 2.9\tex/latex/float\float.sty"
Package: float 2001/11/08 v1.3d Float enhancements (AL)
\c@float@type=\count301
\float@exts=\toks41
\float@box=\box71
\@float@everytoks=\toks42
\@floatcapt=\box72
)
("C:\Users\Julia\AppData\Local\Programs\MiKTeX 2.9\tex/latex/tcolorbox\tcbskins
.code.tex"
Library (tcolorbox): 'tcbskins.code.tex' version '4.22'
\tcb@waterbox=\box73

("C:\Users\Julia\AppData\Local\Programs\MiKTeX 2.9\tex/latex/tcolorbox\tcbskins
jigsaw.code.tex"
Library (tcolorbox): 'tcbskinsjigsaw.code.tex' version '4.22'
))
("C:\Users\Julia\AppData\Local\Programs\MiKTeX 2.9\tex/latex/tcolorbox\tcbxpars
e.code.tex"
Library (tcolorbox): 'tcbxparse.code.tex' version '4.22'
)
("C:\Users\Julia\AppData\Local\Programs\MiKTeX 2.9\tex/latex/varwidth\varwidth.
sty"
Package: varwidth 2009/03/30 ver 0.92;  Variable-width minipages
\@vwid@box=\box74
\sift@deathcycles=\count302
\@vwid@loff=\dimen261
\@vwid@roff=\dimen262
)
("C:\Users\Julia\AppData\Local\Programs\MiKTeX 2.9\tex/latex/hyperref\hyperref.
sty"
Package: hyperref 2020/01/14 v7.00d Hypertext links for LaTeX

("C:\Users\Julia\AppData\Local\Programs\MiKTeX 2.9\tex/latex/pdftexcmds\pdftexc
mds.sty"
Package: pdftexcmds 2019/11/24 v0.31 Utility functions of pdfTeX for LuaTeX (HO
)
Package pdftexcmds Info: \pdf@primitive is available.
Package pdftexcmds Info: \pdf@ifprimitive is available.
Package pdftexcmds Info: \pdfdraftmode found.
)
("C:\Users\Julia\AppData\Local\Programs\MiKTeX 2.9\tex/generic/kvsetkeys\kvsetk
eys.sty"
Package: kvsetkeys 2019/12/15 v1.18 Key value parser (HO)
)
("C:\Users\Julia\AppData\Local\Programs\MiKTeX 2.9\tex/generic/kvdefinekeys\kvd
efinekeys.sty"
Package: kvdefinekeys 2019-12-19 v1.6 Define keys (HO)
)
("C:\Users\Julia\AppData\Local\Programs\MiKTeX 2.9\tex/generic/pdfescape\pdfesc
ape.sty"
Package: pdfescape 2019/12/09 v1.15 Implements pdfTeX's escape features (HO)
)
("C:\Users\Julia\AppData\Local\Programs\MiKTeX 2.9\tex/latex/hycolor\hycolor.st
y"
Package: hycolor 2020-01-27 v1.10 Color options for hyperref/bookmark (HO)
)
("C:\Users\Julia\AppData\Local\Programs\MiKTeX 2.9\tex/latex/letltxmacro\letltx
macro.sty"
Package: letltxmacro 2019/12/03 v1.6 Let assignment for LaTeX macros (HO)
)
("C:\Users\Julia\AppData\Local\Programs\MiKTeX 2.9\tex/latex/auxhook\auxhook.st
y"
Package: auxhook 2019-12-17 v1.6 Hooks for auxiliary files (HO)
)
("C:\Users\Julia\AppData\Local\Programs\MiKTeX 2.9\tex/latex/kvoptions\kvoption
s.sty"
Package: kvoptions 2019/11/29 v3.13 Key value format for package options (HO)
)
\@linkdim=\dimen263
\Hy@linkcounter=\count303
\Hy@pagecounter=\count304

("C:\Users\Julia\AppData\Local\Programs\MiKTeX 2.9\tex/latex/hyperref\pd1enc.de
f"
File: pd1enc.def 2020/01/14 v7.00d Hyperref: PDFDocEncoding definition (HO)
Now handling font encoding PD1 ...
... no UTF-8 mapping file for font encoding PD1
)
("C:\Users\Julia\AppData\Local\Programs\MiKTeX 2.9\tex/generic/intcalc\intcalc.
sty"
Package: intcalc 2019/12/15 v1.3 Expandable calculations with integers (HO)
)
("C:\Users\Julia\AppData\Local\Programs\MiKTeX 2.9\tex/generic/etexcmds\etexcmd
s.sty"
Package: etexcmds 2019/12/15 v1.7 Avoid name clashes with e-TeX commands (HO)
)
\Hy@SavedSpaceFactor=\count305
Package hyperref Info: Hyper figures OFF on input line 4547.
Package hyperref Info: Link nesting OFF on input line 4552.
Package hyperref Info: Hyper index ON on input line 4555.
Package hyperref Info: Plain pages OFF on input line 4562.
Package hyperref Info: Backreferencing OFF on input line 4567.
Package hyperref Info: Implicit mode ON; LaTeX internals redefined.
Package hyperref Info: Bookmarks ON on input line 4800.
\c@Hy@tempcnt=\count306
 ("C:\Users\Julia\AppData\Local\Programs\MiKTeX 2.9\tex/latex/url\url.sty"
\Urlmuskip=\muskip16
Package: url 2013/09/16  ver 3.4  Verb mode for urls, etc.
)
LaTeX Info: Redefining \url on input line 5159.
\XeTeXLinkMargin=\dimen264

("C:\Users\Julia\AppData\Local\Programs\MiKTeX 2.9\tex/generic/bitset\bitset.st
y"
Package: bitset 2019/12/09 v1.3 Handle bit-vector datatype (HO)

("C:\Users\Julia\AppData\Local\Programs\MiKTeX 2.9\tex/generic/bigintcalc\bigin
tcalc.sty"
Package: bigintcalc 2019/12/15 v1.5 Expandable calculations on big integers (HO
)
))
\Fld@menulength=\count307
\Field@Width=\dimen265
\Fld@charsize=\dimen266
Package hyperref Info: Hyper figures OFF on input line 6430.
Package hyperref Info: Link nesting OFF on input line 6435.
Package hyperref Info: Hyper index ON on input line 6438.
Package hyperref Info: backreferencing OFF on input line 6445.
Package hyperref Info: Link coloring OFF on input line 6450.
Package hyperref Info: Link coloring with OCG OFF on input line 6455.
Package hyperref Info: PDF/A mode OFF on input line 6460.
LaTeX Info: Redefining \ref on input line 6500.
LaTeX Info: Redefining \pageref on input line 6504.
\Hy@abspage=\count308
\c@Item=\count309
\c@Hfootnote=\count310
)
Package hyperref Info: Driver (autodetected): hpdftex.

("C:\Users\Julia\AppData\Local\Programs\MiKTeX 2.9\tex/latex/hyperref\hpdftex.d
ef"
File: hpdftex.def 2020/01/14 v7.00d Hyperref driver for pdfTeX

("C:\Users\Julia\AppData\Local\Programs\MiKTeX 2.9\tex/latex/atveryend\atveryen
d.sty"
Package: atveryend 2019-12-11 v1.11 Hooks at the very end of document (HO)
)
\Fld@listcount=\count311
\c@bookmark@seq@number=\count312

("C:\Users\Julia\AppData\Local\Programs\MiKTeX 2.9\tex/latex/rerunfilecheck\rer
unfilecheck.sty"
Package: rerunfilecheck 2019/12/05 v1.9 Rerun checks for auxiliary files (HO)

("C:\Users\Julia\AppData\Local\Programs\MiKTeX 2.9\tex/generic/uniquecounter\un
iquecounter.sty"
Package: uniquecounter 2019/12/15 v1.4 Provide unlimited unique counter (HO)
)
Package uniquecounter Info: New unique counter `rerunfilecheck' on input line 2
86.
)
\Hy@SectionHShift=\skip64
)
Package hyperref Info: Option `colorlinks' set `true' on input line 32.

("C:\Users\Julia\AppData\Local\Programs\MiKTeX 2.9\tex/latex/titlesec\titlesec.
sty"
Package: titlesec 2019/10/16 v2.13 Sectioning titles
\ttl@box=\box75
\beforetitleunit=\skip65
\aftertitleunit=\skip66
\ttl@plus=\dimen267
\ttl@minus=\dimen268
\ttl@toksa=\toks43
\titlewidth=\dimen269
\titlewidthlast=\dimen270
\titlewidthfirst=\dimen271
)
("C:\Users\Julia\AppData\Local\Programs\MiKTeX 2.9\tex/latex/listings\lstlang1.
sty"
File: lstlang1.sty 2019/09/10 1.8c listings language file
)
("C:\Users\Julia\AppData\Local\Programs\MiKTeX 2.9\tex/latex/listings\lstlang2.
sty"
File: lstlang2.sty 2019/09/10 1.8c listings language file
)
("C:\Users\Julia\AppData\Local\Programs\MiKTeX 2.9\tex/latex/listings\lstlang3.
sty"
File: lstlang3.sty 2019/09/10 1.8c listings language file
) (tesis.aux (titlepage.aux)
LaTeX Info: Redefining \. on input line 27.
LaTeX Info: Redefining \% on input line 27.
 (ddjj.aux) (gracias.aux) (abrysimb.aux)
(resumen.aux) (abstract.aux) (intro.aux) (objetivos.aux) (metodos.aux)
(resultados.aux) (conclu.aux) (perspfuturo.aux))
\openout1 = `tesis.aux'.

LaTeX Font Info:    Checking defaults for OML/cmm/m/it on input line 166.
LaTeX Font Info:    ... okay on input line 166.
LaTeX Font Info:    Checking defaults for OMS/cmsy/m/n on input line 166.
LaTeX Font Info:    ... okay on input line 166.
LaTeX Font Info:    Checking defaults for OT1/cmr/m/n on input line 166.
LaTeX Font Info:    ... okay on input line 166.
LaTeX Font Info:    Checking defaults for T1/cmr/m/n on input line 166.
LaTeX Font Info:    ... okay on input line 166.
LaTeX Font Info:    Checking defaults for TS1/cmr/m/n on input line 166.
LaTeX Font Info:    ... okay on input line 166.
LaTeX Font Info:    Checking defaults for OMX/cmex/m/n on input line 166.
LaTeX Font Info:    ... okay on input line 166.
LaTeX Font Info:    Checking defaults for U/cmr/m/n on input line 166.
LaTeX Font Info:    ... okay on input line 166.
LaTeX Font Info:    Checking defaults for PD1/pdf/m/n on input line 166.
LaTeX Font Info:    ... okay on input line 166.
LaTeX Info: Redefining \. on input line 166.
LaTeX Info: Redefining \% on input line 166.

*geometry* driver: auto-detecting
*geometry* detected driver: pdftex
*geometry* verbose mode - [ preamble ] result:
* driver: pdftex
* paper: a4paper
* layout: <same size as paper>
* layoutoffset:(h,v)=(0.0pt,0.0pt)
* modes: 
* h-part:(L,W,R)=(85.35826pt, 455.24411pt, 56.9055pt)
* v-part:(T,H,B)=(85.35826pt, 674.33032pt, 85.35826pt)
* \paperwidth=597.50787pt
* \paperheight=845.04684pt
* \textwidth=455.24411pt
* \textheight=674.33032pt
* \oddsidemargin=13.08827pt
* \evensidemargin=13.08827pt
* \topmargin=-30.36447pt
* \headheight=15.0pt
* \headsep=28.45274pt
* \topskip=12.0pt
* \footskip=30.0pt
* \marginparwidth=42.67912pt
* \marginparsep=10.0pt
* \columnsep=10.0pt
* \skip\footins=10.8pt plus 4.0pt minus 2.0pt
* \hoffset=0.0pt
* \voffset=0.0pt
* \mag=1000
* \@twocolumnfalse
* \@twosidefalse
* \@mparswitchfalse
* \@reversemarginfalse
* (1in=72.27pt=25.4mm, 1cm=28.453pt)


("C:\Users\Julia\AppData\Local\Programs\MiKTeX 2.9\tex/context/base/mkii\supp-p
df.mkii"
[Loading MPS to PDF converter (version 2006.09.02).]
\scratchcounter=\count313
\scratchdimen=\dimen272
\scratchbox=\box76
\nofMPsegments=\count314
\nofMParguments=\count315
\everyMPshowfont=\toks44
\MPscratchCnt=\count316
\MPscratchDim=\dimen273
\MPnumerator=\count317
\makeMPintoPDFobject=\count318
\everyMPtoPDFconversion=\toks45
)
("C:\Users\Julia\AppData\Local\Programs\MiKTeX 2.9\tex/latex/epstopdf-pkg\epsto
pdf-base.sty"
Package: epstopdf-base 2020-01-24 v2.11 Base part for package epstopdf
Package epstopdf-base Info: Redefining graphics rule for `.eps' on input line 4
85.
) ABD: EveryShipout initializing macros
\c@lstlisting=\count319
\AtBeginShipoutBox=\box77

("C:\Users\Julia\AppData\Local\Programs\MiKTeX 2.9\tex/latex/pdflscape\pdflscap
e.sty"
Package: pdflscape 2019/12/05 v0.12 Display of landscape pages in PDF (HO)
Package pdflscape Info: Auto-detected driver: pdftex on input line 81.
)

Package todonotes Warning: The length marginparwidth is less than 2cm and will 
most likely cause issues with the appearance of inserted todonotes. The issue c
an be solved by adding a line like \setlength {\marginparwidth }{2cm} prior to 
loading the todonotes package. on input line 166.

Package hyperref Info: Link coloring ON on input line 166.

("C:\Users\Julia\AppData\Local\Programs\MiKTeX 2.9\tex/latex/hyperref\nameref.s
ty"
Package: nameref 2019/09/16 v2.46 Cross-referencing by name of section

("C:\Users\Julia\AppData\Local\Programs\MiKTeX 2.9\tex/latex/refcount\refcount.
sty"
Package: refcount 2019/12/15 v3.6 Data extraction from label references (HO)
)
("C:\Users\Julia\AppData\Local\Programs\MiKTeX 2.9\tex/generic/gettitlestring\g
ettitlestring.sty"
Package: gettitlestring 2019/12/15 v1.6 Cleanup title references (HO)
)
\c@section@level=\count320
)
LaTeX Info: Redefining \ref on input line 166.
LaTeX Info: Redefining \pageref on input line 166.
LaTeX Info: Redefining \nameref on input line 166.
 (tesis.out) (tesis.out)
\@outlinefile=\write7
\openout7 = `tesis.out'.

\openout2 = `titlepage.aux'.

 (titlepage.tex
<./Graficos/UNR.png, id=138, 443.40656pt x 411.78844pt>
File: ./Graficos/UNR.png Graphic file (type png)
<use ./Graficos/UNR.png>
Package pdftex.def Info: ./Graficos/UNR.png  used on input line 48.
(pdftex.def)             Requested size: 91.90703pt x 85.35826pt.


LaTeX Font Warning: Font shape `OT1/cmr/bx/sc' undefined
(Font)              using `OT1/cmr/bx/n' instead on input line 48.

[1


{C:/Users/Julia/AppData/Local/MiKTeX/2.9/pdftex/config/pdftex.map} <./Graficos/
UNR.png>])
\openout2 = `ddjj.aux'.

 (ddjj.tex) [2


]
\openout2 = `gracias.aux'.

 (gracias.tex)

LaTeX Font Warning: Font shape `OT1/cmr/m/scit' undefined
(Font)              using `OT1/cmr/m/sc' instead on input line 184.

[1



]
\openout2 = `abrysimb.aux'.

 (abrysimb.tex)

LaTeX Font Warning: Font shape `OT1/cmr/m/scit' undefined
(Font)              using `OT1/cmr/m/sc' instead on input line 185.

[2



]
\openout2 = `resumen.aux'.

 (resumen.tex)

LaTeX Font Warning: Font shape `OT1/cmr/m/scit' undefined
(Font)              using `OT1/cmr/m/sc' instead on input line 186.

[3



]
\openout2 = `abstract.aux'.

 (abstract.tex)

LaTeX Font Warning: Font shape `OT1/cmr/m/scit' undefined
(Font)              using `OT1/cmr/m/sc' instead on input line 187.

[4



] (tesis.toc
LaTeX Info: Redefining \. on input line 1.
LaTeX Info: Redefining \% on input line 1.
LaTeX Font Info:    Trying to load font information for U+wasy on input line 7.


("C:\Users\Julia\AppData\Local\Programs\MiKTeX 2.9\tex/latex/wasysym\uwasy.fd"
File: uwasy.fd 2020/01/19 v2.4 Wasy-2 symbol font definitions
)
LaTeX Font Info:    Trying to load font information for U+msa on input line 7.
("C:\Users\Julia\AppData\Local\Programs\MiKTeX 2.9\tex/latex/amsfonts\umsa.fd"
File: umsa.fd 2013/01/14 v3.01 AMS symbols A
)
LaTeX Font Info:    Trying to load font information for U+msb on input line 7.
("C:\Users\Julia\AppData\Local\Programs\MiKTeX 2.9\tex/latex/amsfonts\umsb.fd"
File: umsb.fd 2013/01/14 v3.01 AMS symbols B
)

LaTeX Font Warning: Font shape `U/wasy/b/n' in size <8> not available
(Font)              Font shape `U/wasy/m/n' tried instead on input line 7.


LaTeX Font Warning: Font shape `U/wasy/b/n' in size <6> not available
(Font)              Font shape `U/wasy/m/n' tried instead on input line 7.


LaTeX Font Warning: Font shape `OT1/cmr/m/scit' undefined
(Font)              using `OT1/cmr/m/sc' instead on input line 26.

[5


])
\tf@toc=\write8
\openout8 = `tesis.toc'.



LaTeX Font Warning: Font shape `OT1/cmr/m/scit' undefined
(Font)              using `OT1/cmr/m/sc' instead on input line 200.

[6] (tesis.lof
LaTeX Info: Redefining \. on input line 1.
LaTeX Info: Redefining \% on input line 1.


LaTeX Font Warning: Font shape `OT1/cmr/m/scit' undefined
(Font)              using `OT1/cmr/m/sc' instead on input line 23.

[7


])
\tf@lof=\write9
\openout9 = `tesis.lof'.



LaTeX Font Warning: Font shape `OT1/cmr/m/scit' undefined
(Font)              using `OT1/cmr/m/sc' instead on input line 203.

[8] (tesis.lot
LaTeX Info: Redefining \. on input line 1.
LaTeX Info: Redefining \% on input line 1.
)
\tf@lot=\write10
\openout10 = `tesis.lot'.



LaTeX Font Warning: Font shape `OT1/cmr/m/scit' undefined
(Font)              using `OT1/cmr/m/sc' instead on input line 208.

[9


] (tesis.tdo)
\tf@tdo=\write11
\openout11 = `tesis.tdo'.



LaTeX Font Warning: Font shape `OT1/cmr/m/scit' undefined
(Font)              using `OT1/cmr/m/sc' instead on input line 218.

[10


]
\openout2 = `intro.aux'.

 (intro.tex
Cap\'{\i }tulo 1.

Underfull \vbox (badness 10000) has occurred while \output is active []

pdfTeX warning (ext4): destination with the same identifier (name{page.1}) has 
been already used, duplicate ignored
<to be read again> 
                   \relax 
l.21 
      [1



]
<./Graficos/interac.png, id=314, 618.81187pt x 188.95593pt>
File: ./Graficos/interac.png Graphic file (type png)
<use ./Graficos/interac.png>
Package pdftex.def Info: ./Graficos/interac.png  used on input line 25.
(pdftex.def)             Requested size: 398.33858pt x 121.63776pt.
pdfTeX warning (ext4): destination with the same identifier (name{page.2}) has 
been already used, duplicate ignored
<to be read again> 
                   \relax 
l.38 
      [2 <./Graficos/interac.png>]
Underfull \vbox (badness 10000) has occurred while \output is active []

 [3]

LaTeX Font Warning: Font shape `U/wasy/b/n' in size <7> not available
(Font)              Font shape `U/wasy/m/n' tried instead on input line 47.


LaTeX Font Warning: Font shape `U/wasy/b/n' in size <5> not available
(Font)              Font shape `U/wasy/m/n' tried instead on input line 47.


Underfull \vbox (badness 5245) has occurred while \output is active []

 [4])
[5]
\openout2 = `objetivos.aux'.

 (objetivos.tex
Cap\'{\i }tulo 2.
) [6



]
\openout2 = `metodos.aux'.

 (metodos.tex
Cap\'{\i }tulo 3.
[7



]
Underfull \vbox (badness 1596) has occurred while \output is active []

 [8]
[9] [10] [11] [12]
Underfull \hbox (badness 10000) in paragraph at lines 175--176

 []

[13]
Underfull \vbox (badness 10000) has occurred while \output is active []

 [14]
[15]
<./Graficos/figura7.png, id=412, 234.1247pt x 134.00063pt>
File: ./Graficos/figura7.png Graphic file (type png)
<use ./Graficos/figura7.png>
Package pdftex.def Info: ./Graficos/figura7.png  used on input line 261.
(pdftex.def)             Requested size: 199.16928pt x 113.99919pt.
LaTeX Font Info:    Trying to load font information for OML+cmr on input line 2
74.
 ("C:\Users\Julia\AppData\Local\Programs\MiKTeX 2.9\tex/latex/base\omlcmr.fd"
File: omlcmr.fd 2019/12/16 v2.5j Standard LaTeX font definitions
)
LaTeX Font Info:    Font shape `OML/cmr/m/n' in size <10> not available
(Font)              Font shape `OML/cmm/m/it' tried instead on input line 274.
 [16 <./Graficos/figura7.png>])
Underfull \vbox (badness 10000) has occurred while \output is active []

 [17]
[18]
\openout2 = `resultados.aux'.

 (resultados.tex
Cap\'{\i }tulo 4.

Underfull \vbox (badness 10000) has occurred while \output is active []

 [19



]
Underfull \hbox (badness 10000) in paragraph at lines 47--48

 []


Underfull \hbox (badness 10000) in paragraph at lines 77--78

 []


Underfull \hbox (badness 10000) in paragraph at lines 83--84

 []

[20]
Overfull \hbox (18.11523pt too wide) in paragraph at lines 85--86
[]\OT1/cmr/m/n/12 La sen-ten-cia uti-li-za-da pa-ra ajus-tar el mo-de-lo GGE en
 el con-jun-to de da-tos \OT1/cmr/m/it/12 yan.winterwheat
 []


Underfull \vbox (badness 10000) has occurred while \output is active []

 [21]
<./Graficos/GGE_BIPLOT.png, id=458, 433.62pt x 319.94531pt>
File: ./Graficos/GGE_BIPLOT.png Graphic file (type png)
<use ./Graficos/GGE_BIPLOT.png>
Package pdftex.def Info: ./Graficos/GGE_BIPLOT.png  used on input line 113.
(pdftex.def)             Requested size: 270.30118pt x 199.44783pt.
<./Graficos/SelectedEnvironment.png, id=460, 433.62pt x 319.94531pt>
File: ./Graficos/SelectedEnvironment.png Graphic file (type png)
<use ./Graficos/SelectedEnvironment.png>
Package pdftex.def Info: ./Graficos/SelectedEnvironment.png  used on input line
 134.
(pdftex.def)             Requested size: 270.30118pt x 199.44783pt.

Underfull \vbox (badness 10000) has occurred while \output is active []

 [22 <./Graficos/GGE_BIPLOT.png (PNG copy)>]
<./Graficos/SelectedGenotype.png, id=468, 433.62pt x 319.94531pt>
File: ./Graficos/SelectedGenotype.png Graphic file (type png)
<use ./Graficos/SelectedGenotype.png>
Package pdftex.def Info: ./Graficos/SelectedGenotype.png  used on input line 15
4.
(pdftex.def)             Requested size: 270.30118pt x 199.44783pt.

Underfull \vbox (badness 10000) has occurred while \output is active []

 [23 <./Graficos/SelectedEnvironment.png>]
<./Graficos/ComparisonofGenotype.png, id=477, 433.62pt x 319.94531pt>
File: ./Graficos/ComparisonofGenotype.png Graphic file (type png)
<use ./Graficos/ComparisonofGenotype.png>
Package pdftex.def Info: ./Graficos/ComparisonofGenotype.png  used on input lin
e 177.
(pdftex.def)             Requested size: 270.30118pt x 199.44783pt.

Underfull \vbox (badness 10000) has occurred while \output is active []

 [24 <./Graficos/SelectedGenotype.png>]
Overfull \hbox (1.18866pt too wide) in paragraph at lines 189--190
[]\OT1/cmr/m/n/12 Se re-quie-ren dos cri-te-rios pa-ra su-ge-rir la exis-ten-ci
a de di-fe-ren-tes me-ga-am-bien-tes (Gauch
 []


Underfull \vbox (badness 10000) has occurred while \output is active []

 [25 <./Graficos/ComparisonofGenotype.png (PNG copy)>]
<./Graficos/WhichWonWhereWhat.png, id=494, 433.62pt x 319.94531pt>
File: ./Graficos/WhichWonWhereWhat.png Graphic file (type png)
<use ./Graficos/WhichWonWhereWhat.png>
Package pdftex.def Info: ./Graficos/WhichWonWhereWhat.png  used on input line 2
03.
(pdftex.def)             Requested size: 270.30118pt x 199.44783pt.

Underfull \vbox (badness 10000) has occurred while \output is active []

 [26 <./Graficos/WhichWonWhereWhat.png (PNG copy)>]
<./Graficos/MeanvsStability.png, id=504, 433.62pt x 319.94531pt>
File: ./Graficos/MeanvsStability.png Graphic file (type png)
<use ./Graficos/MeanvsStability.png>
Package pdftex.def Info: ./Graficos/MeanvsStability.png  used on input line 228
.
(pdftex.def)             Requested size: 270.30118pt x 199.44783pt.
<./Graficos/RankingGenotypes.png, id=507, 433.62pt x 319.94531pt>
File: ./Graficos/RankingGenotypes.png Graphic file (type png)
<use ./Graficos/RankingGenotypes.png>
Package pdftex.def Info: ./Graficos/RankingGenotypes.png  used on input line 25
1.
(pdftex.def)             Requested size: 270.30118pt x 199.44783pt.

Underfull \vbox (badness 10000) has occurred while \output is active []

 [27 <./Graficos/MeanvsStability.png (PNG copy)>]
<./Graficos/RelationshipAmongEnvironments.png, id=516, 433.62pt x 319.94531pt>
File: ./Graficos/RelationshipAmongEnvironments.png Graphic file (type png)
<use ./Graficos/RelationshipAmongEnvironments.png>
Package pdftex.def Info: ./Graficos/RelationshipAmongEnvironments.png  used on 
input line 277.
(pdftex.def)             Requested size: 270.30118pt x 199.44783pt.

Underfull \vbox (badness 10000) has occurred while \output is active []

 [28 <./Graficos/RankingGenotypes.png (PNG copy)>]
Underfull \vbox (badness 10000) has occurred while \output is active []

 [29 <./Graficos/RelationshipAmongEnvironments.png>]
<./Graficos/RankingEnvironments.png, id=534, 433.62pt x 319.94531pt>
File: ./Graficos/RankingEnvironments.png Graphic file (type png)
<use ./Graficos/RankingEnvironments.png>
Package pdftex.def Info: ./Graficos/RankingEnvironments.png  used on input line
 305.
(pdftex.def)             Requested size: 270.30118pt x 199.44783pt.

Underfull \hbox (badness 10000) in paragraph at lines 319--320

 []


Underfull \vbox (badness 10000) has occurred while \output is active []

 [30 <./Graficos/RankingEnvironments.png>]
<./Graficos/AMMI.png, id=543, 397.485pt x 397.485pt>
File: ./Graficos/AMMI.png Graphic file (type png)
<use ./Graficos/AMMI.png>
Package pdftex.def Info: ./Graficos/AMMI.png  used on input line 338.
(pdftex.def)             Requested size: 227.63019pt x 216.24596pt.

Underfull \vbox (badness 10000) has occurred while \output is active []

 [31 <./Graficos/AMMI.png (PNG copy)>] [32]
<./Graficos/Exampledatasets_withoutrep.png, id=561, 912.40875pt x 489.32813pt>
File: ./Graficos/Exampledatasets_withoutrep.png Graphic file (type png)
<use ./Graficos/Exampledatasets_withoutrep.png>
Package pdftex.def Info: ./Graficos/Exampledatasets_withoutrep.png  used on inp
ut line 392.
(pdftex.def)             Requested size: 455.24408pt x 244.14825pt.
<./Graficos/Exampledatasets_withrep.png, id=563, 910.90312pt x 493.845pt>
File: ./Graficos/Exampledatasets_withrep.png Graphic file (type png)
<use ./Graficos/Exampledatasets_withrep.png>
Package pdftex.def Info: ./Graficos/Exampledatasets_withrep.png  used on input 
line 400.
(pdftex.def)             Requested size: 455.24408pt x 246.81639pt.

Underfull \vbox (badness 10000) has occurred while \output is active []

 [33 <./Graficos/Exampledatasets_withoutrep.png>]
<./Graficos/data.png, id=571, 916.92563pt x 490.08093pt>
File: ./Graficos/data.png Graphic file (type png)
<use ./Graficos/data.png>
Package pdftex.def Info: ./Graficos/data.png  used on input line 415.
(pdftex.def)             Requested size: 455.24408pt x 243.31992pt.


LaTeX Warning: `h' float specifier changed to `ht'.

[34 <./Graficos/Exampledatasets_withrep.png>]
<./Graficos/Boxplot_environment.png, id=579, 767.86874pt x 491.58656pt>
File: ./Graficos/Boxplot_environment.png Graphic file (type png)
<use ./Graficos/Boxplot_environment.png>
Package pdftex.def Info: ./Graficos/Boxplot_environment.png  used on input line
 428.
(pdftex.def)             Requested size: 455.24408pt x 291.45125pt.

Underfull \vbox (badness 10000) has occurred while \output is active []

 [35 <./Graficos/data.png>]
<./Graficos/corr_gen.png, id=588, 755.07094pt x 455.45157pt>
File: ./Graficos/corr_gen.png Graphic file (type png)
<use ./Graficos/corr_gen.png>
Package pdftex.def Info: ./Graficos/corr_gen.png  used on input line 441.
(pdftex.def)             Requested size: 455.24408pt x 274.60042pt.

Underfull \vbox (badness 10000) has occurred while \output is active []

 [36 <./Graficos/Boxplot_environment.png>]
<./Graficos/corr_matrix.png, id=594, 938.75719pt x 474.27188pt>
File: ./Graficos/corr_matrix.png Graphic file (type png)
<use ./Graficos/corr_matrix.png>
Package pdftex.def Info: ./Graficos/corr_matrix.png  used on input line 450.
(pdftex.def)             Requested size: 455.24408pt x 229.99263pt.

Underfull \vbox (badness 2293) has occurred while \output is active []

 [37 <./Graficos/corr_gen.png> <./Graficos/corr_matrix.png>]
<./Graficos/int_plot.png, id=602, 772.38562pt x 462.22687pt>
File: ./Graficos/int_plot.png Graphic file (type png)
<use ./Graficos/int_plot.png>
Package pdftex.def Info: ./Graficos/int_plot.png  used on input line 465.
(pdftex.def)             Requested size: 455.24408pt x 272.43642pt.
 [38 <./Graficos/int_plot.png>]
<./Graficos/ANOVA.png, id=609, 499.8675pt x 185.94469pt>
File: ./Graficos/ANOVA.png Graphic file (type png)
<use ./Graficos/ANOVA.png>
Package pdftex.def Info: ./Graficos/ANOVA.png  used on input line 480.
(pdftex.def)             Requested size: 455.24408pt x 169.35178pt.
<./Graficos/Normalidad.png, id=612, 502.87875pt x 492.33937pt>
File: ./Graficos/Normalidad.png Graphic file (type png)
<use ./Graficos/Normalidad.png>
Package pdftex.def Info: ./Graficos/Normalidad.png  used on input line 493.
(pdftex.def)             Requested size: 455.24408pt x 445.70064pt.

Underfull \vbox (badness 10000) has occurred while \output is active []

 [39 <./Graficos/ANOVA.png>]
<./Graficos/Homocedasticidad.png, id=618, 516.42938pt x 269.50688pt>
File: ./Graficos/Homocedasticidad.png Graphic file (type png)
<use ./Graficos/Homocedasticidad.png>
Package pdftex.def Info: ./Graficos/Homocedasticidad.png  used on input line 50
4.
(pdftex.def)             Requested size: 455.24408pt x 237.58623pt.

Underfull \vbox (badness 10000) has occurred while \output is active []

 [40 <./Graficos/Normalidad.png>]
<./Graficos/Outliers.png, id=624, 516.42938pt x 335.75438pt>
File: ./Graficos/Outliers.png Graphic file (type png)
<use ./Graficos/Outliers.png>
Package pdftex.def Info: ./Graficos/Outliers.png  used on input line 514.
(pdftex.def)             Requested size: 455.24408pt x 295.98732pt.

Underfull \vbox (badness 10000) has occurred while \output is active []

 [41 <./Graficos/Homocedasticidad.png>] [42 <./Graficos/Outliers.png>]
<./Graficos/GGE.png, id=635, 1015.54407pt x 490.83376pt>
File: ./Graficos/GGE.png Graphic file (type png)
<use ./Graficos/GGE.png>
Package pdftex.def Info: ./Graficos/GGE.png  used on input line 531.
(pdftex.def)             Requested size: 455.24408pt x 220.02682pt.
<./Graficos/AMMI_S.png, id=636, 1013.28563pt x 495.35063pt>
File: ./Graficos/AMMI_S.png Graphic file (type png)
<use ./Graficos/AMMI_S.png>
Package pdftex.def Info: ./Graficos/AMMI_S.png  used on input line 540.
(pdftex.def)             Requested size: 455.24408pt x 222.54292pt.
) [43 <./Graficos/GGE.png> <./Graficos/AMMI_S.png>] [44]
\openout2 = `conclu.aux'.

 (conclu.tex
Cap\'{\i }tulo 5.
) [45



]
\openout2 = `perspfuturo.aux'.

 (perspfuturo.tex) [46



] (tesis.bbl) [47



]
Package atveryend Info: Empty hook `BeforeClearDocument' on input line 245.
Package atveryend Info: Empty hook `AfterLastShipout' on input line 245.
 (tesis.aux (titlepage.aux)
LaTeX Info: Redefining \. on input line 27.
LaTeX Info: Redefining \% on input line 27.

(ddjj.aux) (gracias.aux) (abrysimb.aux) (resumen.aux) (abstract.aux) (intro.aux
) (objetivos.aux) (metodos.aux) (resultados.aux) (conclu.aux) (perspfuturo.aux)
)
Package atveryend Info: Executing hook `AtVeryEndDocument' on input line 245.
Package atveryend Info: Executing hook `AtEndAfterFileList' on input line 245.
Package rerunfilecheck Info: File `tesis.out' has not changed.
(rerunfilecheck)             Checksum: 23FF6E52BF411C7D93C4014EBBD5D580;1887.


LaTeX Font Warning: Some font shapes were not available, defaults substituted.

 ) 
Here is how much of TeX's memory you used:
 27635 strings out of 481556
 528448 string characters out of 2913869
 1096553 words of memory out of 3000000
 42038 multiletter control sequences out of 15000+200000
 550811 words of font info for 92 fonts, out of 3000000 for 9000
 1141 hyphenation exceptions out of 8191
 59i,12n,83p,1735b,1771s stack positions out of 5000i,500n,10000p,200000b,50000s
 <C:\Users\Julia\AppData\Local\MiKTeX\2.9\fonts/pk/ljfour/jknappen/ec/dpi600\
tcrm1200.pk><C:/Users/Julia/AppData/Local/Programs/MiKTeX 2.9/fonts/type1/publi
c/amsfonts/cm/cmbx12.pfb><C:/Users/Julia/AppData/Local/Programs/MiKTeX 2.9/font
s/type1/public/amsfonts/cm/cmbxti10.pfb><C:/Users/Julia/AppData/Local/Programs/
MiKTeX 2.9/fonts/type1/public/amsfonts/cm/cmcsc10.pfb><C:/Users/Julia/AppData/L
ocal/Programs/MiKTeX 2.9/fonts/type1/public/amsfonts/cm/cmex10.pfb><C:/Users/Ju
lia/AppData/Local/Programs/MiKTeX 2.9/fonts/type1/public/amsfonts/cm/cmmi10.pfb
><C:/Users/Julia/AppData/Local/Programs/MiKTeX 2.9/fonts/type1/public/amsfonts/
cm/cmmi12.pfb><C:/Users/Julia/AppData/Local/Programs/MiKTeX 2.9/fonts/type1/pub
lic/amsfonts/cm/cmmi8.pfb><C:/Users/Julia/AppData/Local/Programs/MiKTeX 2.9/fon
ts/type1/public/amsfonts/cm/cmr10.pfb><C:/Users/Julia/AppData/Local/Programs/Mi
KTeX 2.9/fonts/type1/public/amsfonts/cm/cmr12.pfb><C:/Users/Julia/AppData/Local
/Programs/MiKTeX 2.9/fonts/type1/public/amsfonts/cm/cmr7.pfb><C:/Users/Julia/Ap
pData/Local/Programs/MiKTeX 2.9/fonts/type1/public/amsfonts/cm/cmr8.pfb><C:/Use
rs/Julia/AppData/Local/Programs/MiKTeX 2.9/fonts/type1/public/amsfonts/cm/cmsy1
0.pfb><C:/Users/Julia/AppData/Local/Programs/MiKTeX 2.9/fonts/type1/public/amsf
onts/cm/cmsy8.pfb><C:/Users/Julia/AppData/Local/Programs/MiKTeX 2.9/fonts/type1
/public/amsfonts/cm/cmti12.pfb><C:/Users/Julia/AppData/Local/Programs/MiKTeX 2.
9/fonts/type1/public/amsfonts/cm/cmtt10.pfb><C:/Users/Julia/AppData/Local/Progr
ams/MiKTeX 2.9/fonts/type1/public/amsfonts/cm/cmtt12.pfb>
Output written on tesis.pdf (59 pages, 1072306 bytes).
PDF statistics:
 757 PDF objects out of 1000 (max. 8388607)
 177 named destinations out of 1000 (max. 500000)
 455 words of extra memory for PDF output out of 10000 (max. 10000000)

