\BOOKMARK [0][-]{chapter.1}{Introducci\363n}{}% 1
\BOOKMARK [0][-]{chapter.2}{Objetivos}{}% 2
\BOOKMARK [1][-]{section.2.1}{Objetivo general}{chapter.2}% 3
\BOOKMARK [1][-]{section.2.2}{Objetivos espec\355ficos}{chapter.2}% 4
\BOOKMARK [0][-]{chapter.3}{M\351todos}{}% 5
\BOOKMARK [1][-]{section.3.1}{M\351todos estad\355sticos}{chapter.3}% 6
\BOOKMARK [2][-]{subsection.3.1.1}{Modelo AMMI y SREG}{section.3.1}% 7
\BOOKMARK [2][-]{subsection.3.1.2}{Modelo AMMI robusto}{section.3.1}% 8
\BOOKMARK [2][-]{subsection.3.1.3}{M\351todos de imputaci\363n}{section.3.1}% 9
\BOOKMARK [1][-]{section.3.2}{Creaci\363n de un paquete de R}{chapter.3}% 10
\BOOKMARK [2][-]{subsection.3.2.1}{geneticae}{section.3.2}% 11
\BOOKMARK [2][-]{subsection.3.2.2}{Estructura general del paquete}{section.3.2}% 12
\BOOKMARK [2][-]{subsection.3.2.3}{Archivo DESCRIPTION}{section.3.2}% 13
\BOOKMARK [2][-]{subsection.3.2.4}{Archivos de c\363digo}{section.3.2}% 14
\BOOKMARK [2][-]{subsection.3.2.5}{Documentaci\363n}{section.3.2}% 15
\BOOKMARK [2][-]{subsection.3.2.6}{Uso de funciones de otros paquetes}{section.3.2}% 16
\BOOKMARK [2][-]{subsection.3.2.7}{Testeos}{section.3.2}% 17
\BOOKMARK [2][-]{subsection.3.2.8}{Datasets}{section.3.2}% 18
\BOOKMARK [2][-]{subsection.3.2.9}{Archivo README}{section.3.2}% 19
\BOOKMARK [2][-]{subsection.3.2.10}{Archivo NEWS}{section.3.2}% 20
\BOOKMARK [2][-]{subsection.3.2.11}{Vi\361etas}{section.3.2}% 21
\BOOKMARK [2][-]{subsection.3.2.12}{R CMD check e instalaci\363n}{section.3.2}% 22
\BOOKMARK [2][-]{subsection.3.2.13}{Publicaci\363n y difusi\363n}{section.3.2}% 23
\BOOKMARK [1][-]{section.3.3}{Aplicaci\363n web Shiny}{chapter.3}% 24
\BOOKMARK [2][-]{subsection.3.3.1}{Programaci\363n de una aplicaci\363n web Shiny}{section.3.3}% 25
\BOOKMARK [0][-]{chapter.4}{Resultados}{}% 26
\BOOKMARK [1][-]{section.4.1}{Paquete de R geneticae}{chapter.4}% 27
\BOOKMARK [2][-]{subsection.4.1.1}{Conjuntos de datos en geneticae}{section.4.1}% 28
\BOOKMARK [2][-]{subsection.4.1.2}{Uso del paquete para ajustar el modelo AMMI}{section.4.1}% 29
\BOOKMARK [2][-]{subsection.4.1.3}{Uso del paquete para ajustar el modelo SREG}{section.4.1}% 30
\BOOKMARK [2][-]{subsection.4.1.4}{Uso del paquete para imputar matrices de datos incompletas}{section.4.1}% 31
\BOOKMARK [1][-]{section.4.2}{Aplicaci\363n web Geneticae}{chapter.4}% 32
\BOOKMARK [2][-]{subsection.4.2.1}{Lectura de un archivo de datos para el uso de la aplicaci\363n web Geneticae}{section.4.2}% 33
\BOOKMARK [2][-]{subsection.4.2.2}{Uso de la aplicaci\363n web Geneticae para an\341lisis descriptivo}{section.4.2}% 34
\BOOKMARK [2][-]{subsection.4.2.3}{Uso de la aplicaci\363n web Geneticae para ajustar el modelo SREG}{section.4.2}% 35
\BOOKMARK [2][-]{subsection.4.2.4}{Uso de la aplicaci\363n web Geneticae para ajustar el modelo AMMI}{section.4.2}% 36
\BOOKMARK [2][-]{subsection.4.2.5}{Ayuda}{section.4.2}% 37
\BOOKMARK [0][-]{chapter.5}{Conclusi\363n}{}% 38
\BOOKMARK [0][-]{section*.7}{Bibliograf\355a}{}% 39
